<?xml version="1.0" encoding="UTF-8"?>
<testsuite xmlns:xsi="http://www.w3.org/2001/XMLSchema-instance" xsi:noNamespaceSchemaLocation="https://maven.apache.org/surefire/maven-surefire-plugin/xsd/surefire-test-report.xsd" name="com.valuelabs.JUnitTask.ShoppingCartParameterTest" time="0.005" tests="3" errors="0" skipped="0" failures="0">
  <properties>
[...]
</properties>
  <testcase name="parameterizedTest[0]" classname="com.valuelabs.JUnitTask.ShoppingCartParameterTest" time="0.002"/>
  <testcase name="parameterizedTest[1]" classname="com.valuelabs.JUnitTask.ShoppingCartParameterTest" time="0.001"/>
  <testcase name="parameterizedTest[2]" classname="com.valuelabs.JUnitTask.ShoppingCartParameterTest" time="0"/>
</testsuite>